# Logfile created on 2017-01-14 13:54:32 -0800 by logger.rb/54362
E, [2017-01-14T13:54:32.341749 #45288] ERROR -- : undefined local variable or method `endpoint' for #<Plaid::Api:0x007fcd695ebd50>
E, [2017-01-14T13:54:32.341843 #45288] ERROR -- : asif_chase
E, [2017-01-14T13:54:32.343354 #45288] ERROR -- : undefined local variable or method `endpoint' for #<Plaid::Api:0x007fcd695ebd50>
E, [2017-01-14T13:54:32.343400 #45288] ERROR -- : hafsa_chase
E, [2017-01-14T13:54:32.345001 #45288] ERROR -- : undefined local variable or method `endpoint' for #<Plaid::Api:0x007fcd695ebd50>
E, [2017-01-14T13:54:32.345053 #45288] ERROR -- : capital_one
E, [2017-01-14T13:56:07.153720 #45382] ERROR -- : undefined local variable or method `bank_transactions' for #<Plaid::Api:0x007f9b6de7cfb0>
E, [2017-01-14T13:56:07.153815 #45382] ERROR -- : asif_chase
E, [2017-01-14T13:56:07.662137 #45382] ERROR -- : undefined local variable or method `bank_transactions' for #<Plaid::Api:0x007f9b6de7cfb0>
E, [2017-01-14T13:56:07.662213 #45382] ERROR -- : hafsa_chase
E, [2017-01-14T13:56:08.332984 #45382] ERROR -- : undefined local variable or method `bank_transactions' for #<Plaid::Api:0x007f9b6de7cfb0>
E, [2017-01-14T13:56:08.333059 #45382] ERROR -- : capital_one
I, [2017-01-14T13:56:35.518834 #45448]  INFO -- : Syncing 30 asif_chase transactions from PLAID to DB
I, [2017-01-14T13:56:36.582711 #45448]  INFO -- : Syncing 62 hafsa_chase transactions from PLAID to DB
I, [2017-01-14T13:56:37.920053 #45448]  INFO -- : Syncing 65 capital_one transactions from PLAID to DB
I, [2017-01-14T13:57:24.443211 #45504]  INFO -- : Syncing 30 asif_chase transactions from PLAID to DB
I, [2017-01-14T13:57:26.143546 #45504]  INFO -- : Syncing 62 hafsa_chase transactions from PLAID to DB
I, [2017-01-14T13:57:27.592731 #45504]  INFO -- : Syncing 65 capital_one transactions from PLAID to DB
I, [2017-01-14T14:01:55.441369 #45921]  INFO -- : Syncing 30 asif_chase transactions from PLAID to DB
I, [2017-01-14T14:01:56.581308 #45921]  INFO -- : Syncing 62 hafsa_chase transactions from PLAID to DB
I, [2017-01-14T14:01:58.009754 #45921]  INFO -- : Syncing 65 capital_one transactions from PLAID to DB
W, [2017-01-14T14:10:19.180910 #46276]  WARN -- : LLLL
I, [2017-01-14T14:23:00.644487 #46911]  INFO -- : TRANSACTION 586 UPLOADED: Chick-fil-A
I, [2017-01-14T14:28:41.551213 #47113]  INFO -- : METADATA 572 SYNCED: Thai Noodle Wave
I, [2017-01-14T14:28:41.555184 #47113]  INFO -- : METADATA 573 SYNCED: Whataburger
I, [2017-01-14T14:28:41.558407 #47113]  INFO -- : METADATA 574 SYNCED: Amazon
I, [2017-01-14T14:28:41.561302 #47113]  INFO -- : METADATA 575 SYNCED: Hbo Dig Sv Inc
I, [2017-01-14T14:28:41.564180 #47113]  INFO -- : METADATA 577 SYNCED: Amazon
I, [2017-01-14T14:28:41.567454 #47113]  INFO -- : METADATA 578 SYNCED: Hikari Sushi Grill
I, [2017-01-14T14:28:41.570932 #47113]  INFO -- : METADATA 579 SYNCED: Counter Culture Coffee In
I, [2017-01-14T14:28:41.573917 #47113]  INFO -- : METADATA 576 SYNCED: Cafe 70 Degrees
I, [2017-01-14T14:28:41.576775 #47113]  INFO -- : METADATA 580 SYNCED: Walmart
I, [2017-01-14T14:28:41.579873 #47113]  INFO -- : METADATA 581 SYNCED: Yellow Cab Co
I, [2017-01-14T14:28:41.583019 #47113]  INFO -- : METADATA 582 SYNCED: Tangaroa Fish Market
I, [2017-01-14T14:28:41.586067 #47113]  INFO -- : METADATA 583 SYNCED: Eat24 *Holy Cow Bbq
I, [2017-01-14T14:28:41.588859 #47113]  INFO -- : METADATA 584 SYNCED: Amazon
I, [2017-01-14T14:28:41.591796 #47113]  INFO -- : METADATA 585 SYNCED: Www.Nannypro.Com
I, [2017-01-14T14:28:41.594835 #47113]  INFO -- : METADATA 586 SYNCED: Chick-Fil-A
